[0m17:16:50.629375 [debug] [MainThread]: Sending event: {'category': 'dbt', 'action': 'invocation', 'label': 'start', 'context': [<snowplow_tracker.self_describing_json.SelfDescribingJson object at 0x00000157C33EEDE0>, <snowplow_tracker.self_describing_json.SelfDescribingJson object at 0x00000157BFB6DE50>, <snowplow_tracker.self_describing_json.SelfDescribingJson object at 0x00000157C2EF1370>]}


============================== 17:16:50.688189 | b54ee5ea-68ed-40d8-b391-bdc11992faf0 ==============================
[0m17:16:50.688189 [info ] [MainThread]: Running with dbt=1.11.7
[0m17:16:50.704189 [debug] [MainThread]: running dbt with arguments {'static_parser': 'True', 'no_print': 'None', 'version_check': 'True', 'warn_error_options': 'WarnErrorOptionsV2(error=[], warn=[], silence=[])', 'target_path': 'None', 'printer_width': '80', 'write_json': 'True', 'empty': 'None', 'log_cache_events': 'False', 'introspect': 'True', 'cache_selected_only': 'False', 'log_format': 'default', 'debug': 'False', 'fail_fast': 'False', 'profiles_dir': 'C:\\Users\\DELL\\.dbt', 'send_anonymous_usage_stats': 'True', 'quiet': 'False', 'warn_error': 'None', 'partial_parse': 'True', 'use_colors': 'True', 'indirect_selection': 'eager', 'invocation_command': 'dbt init dbt_telecom', 'use_experimental_parser': 'False', 'log_path': 'logs'}
[0m17:16:51.029408 [debug] [MainThread]: Starter project path: C:\Users\DELL\AppData\Local\Programs\Python\Python312\Lib\site-packages\dbt\include\starter_project
[0m17:16:51.187338 [info ] [MainThread]: 
Your new dbt project "dbt_telecom" was created!

For more information on how to configure the profiles.yml file,
please consult the dbt documentation here:

  https://docs.getdbt.com/docs/configure-your-profile

One more thing:

Need help? Don't hesitate to reach out to us via GitHub issues or on Slack:

  https://community.getdbt.com/

Happy modeling!

[0m17:16:51.196112 [info ] [MainThread]: Setting up your profile.
[0m17:17:08.389437 [debug] [MainThread]: Snowflake adapter: Setting snowflake.connector to ERROR (file logging only)
[0m17:17:08.389437 [debug] [MainThread]: Snowflake adapter: Setting botocore to ERROR (file logging only)
[0m17:17:08.405063 [debug] [MainThread]: Snowflake adapter: Setting boto3 to ERROR (file logging only)
[0m17:20:09.018038 [info ] [MainThread]: Profile dbt_telecom written to C:\Users\DELL\.dbt\profiles.yml using target's profile_template.yml and your supplied values. Run 'dbt debug' to validate the connection.
[0m17:20:09.026034 [debug] [MainThread]: Command `dbt init` succeeded at 17:20:09.026034 after 199.76 seconds
[0m17:20:09.043652 [debug] [MainThread]: Sending event: {'category': 'dbt', 'action': 'invocation', 'label': 'end', 'context': [<snowplow_tracker.self_describing_json.SelfDescribingJson object at 0x00000157C5C54B00>, <snowplow_tracker.self_describing_json.SelfDescribingJson object at 0x00000157C5C8B4A0>, <snowplow_tracker.self_describing_json.SelfDescribingJson object at 0x00000157C281ADE0>]}
[0m17:20:09.043652 [debug] [MainThread]: Flushing usage events
[0m17:20:12.396805 [debug] [MainThread]: An error was encountered while trying to flush usage events
